2016-07-10 13:07:59,860 DEBUG We have a problem! OMG
2016-07-10 13:17:10,745 DEBUG process_csv26 We have a problem! OMG
2016-07-10 13:17:41,434 DEBUG process_csv 26 We have a problem! OMG
2016-07-10 13:17:55,019 DEBUG process_csv: 26 We have a problem! OMG
2016-07-10 13:22:43,747 DEBUG process_csv 26: We have a problem! OMG
2016-07-10 13:32:26,762 DEBUG process_csv 31: We have a problem! OMG
2016-07-10 18:34:23,053 INFO authenticate 24: Attempting to Authenticate
2016-07-10 18:34:23,054 INFO process_csv 31: Beginning to Process CSV: test.csv
2016-07-10 18:36:43,222 INFO <module> 155: ***** Starting New Upload *****
2016-07-10 18:36:43,222 INFO authenticate 24: Attempting to Authenticate
2016-07-10 18:36:43,222 INFO process_csv 31: Beginning to Process CSV: test.csv
2016-07-10 18:39:54,525 INFO <module> 155: ***** Starting New Upload ***** test.csv
2016-07-10 18:39:54,525 INFO authenticate 24: Attempting to Authenticate
2016-07-10 18:39:54,525 INFO process_csv 31: Beginning to Process CSV: test.csv
2016-07-10 18:53:46,386 INFO <module> 160: ***** Starting New Upload ***** test.csv
2016-07-10 18:53:46,387 INFO authenticate 24: Attempting to Authenticate
2016-07-10 18:53:46,387 INFO process_csv 36: Beginning to Process CSV: test.csv
2016-07-10 19:02:17,072 INFO <module> 160: ***** Starting New Upload ***** test.csv
2016-07-10 19:02:17,072 INFO authenticate 24: Attempting to Authenticate
2016-07-10 19:02:17,072 INFO process_csv 36: Beginning to Process CSV: test.csv
2016-07-10 19:02:17,072 INFO process_csv 42: CSV file opened has 7 number of rows.
2016-07-10 19:14:21,289 INFO <module> 160: ***** Starting New Upload ***** test.csv
2016-07-10 19:14:21,289 INFO authenticate 24: Attempting to Authenticate
2016-07-10 19:14:21,289 INFO process_csv 36: Beginning to Process CSV: test.csv
2016-07-10 19:14:21,290 INFO process_csv 42: CSV file opened has 7 rows to process.
2016-07-10 19:32:01,004 INFO <module> 162: ***** Starting New Upload ***** test.csv
2016-07-10 19:32:01,004 INFO authenticate 24: Attempting to Authenticate
2016-07-10 19:32:01,004 INFO process_csv 36: Beginning to Process CSV: test.csv
2016-07-10 19:32:01,004 INFO process_csv 42: CSV file opened has 7 rows to process.
2016-07-10 19:38:19,809 INFO <module> 161: ***** Starting New Upload ***** test.csv
2016-07-10 19:38:19,810 INFO authenticate 24: Attempting to Authenticate
2016-07-10 19:38:19,810 INFO process_csv 36: Beginning to Process CSV: test.csv
2016-07-10 19:38:19,810 INFO process_csv 42: CSV file opened has 7 rows to process.
2016-07-10 19:38:40,328 INFO <module> 161: ***** Starting New Upload ***** test.csv
2016-07-10 19:38:40,328 INFO authenticate 24: Attempting to Authenticate
2016-07-10 19:38:40,328 INFO process_csv 36: Beginning to Process CSV: test.csv
2016-07-10 19:38:40,328 INFO process_csv 42: CSV file opened has 7 rows to process.
2016-07-10 19:41:49,968 INFO <module> 155: ***** Starting New Upload ***** test.csv
2016-07-10 19:41:49,968 INFO authenticate 24: Attempting to Authenticate
2016-07-10 19:41:49,968 INFO process_csv 36: Beginning to Process CSV: test.csv
2016-07-10 19:41:49,968 INFO process_csv 42: CSV file opened has 7 rows to process.
2016-07-10 19:42:06,681 INFO <module> 156: ***** Starting New Upload ***** test.csv
2016-07-10 19:42:06,681 INFO authenticate 24: Attempting to Authenticate
2016-07-10 19:42:06,681 INFO process_csv 36: Beginning to Process CSV: test.csv
2016-07-10 19:42:06,682 INFO process_csv 42: CSV file opened has 7 rows to process.
2016-07-10 19:42:06,682 INFO process_csv 63: Adding charge
2016-07-10 19:42:09,714 INFO <module> 156: ***** Starting New Upload ***** test.csv
2016-07-10 19:42:09,714 INFO authenticate 24: Attempting to Authenticate
2016-07-10 19:42:09,714 INFO process_csv 36: Beginning to Process CSV: test.csv
2016-07-10 19:42:09,715 INFO process_csv 42: CSV file opened has 7 rows to process.
2016-07-10 19:42:09,715 INFO process_csv 63: Adding charge
2016-07-10 19:42:47,061 INFO <module> 156: ***** Starting New Upload ***** test.csv
2016-07-10 19:42:47,061 INFO authenticate 24: Attempting to Authenticate
2016-07-10 19:42:47,061 INFO process_csv 36: Beginning to Process CSV: test.csv
2016-07-10 19:42:47,061 INFO process_csv 42: CSV file opened has 7 rows to process.
2016-07-10 19:42:47,062 INFO process_csv 63: Adding charge to: %s %s
2016-07-10 19:43:52,054 INFO <module> 156: ***** Starting New Upload ***** test.csv
2016-07-10 19:43:52,054 INFO authenticate 24: Attempting to Authenticate
2016-07-10 19:43:52,054 INFO process_csv 36: Beginning to Process CSV: test.csv
2016-07-10 19:43:52,055 INFO process_csv 42: CSV file opened has 7 rows to process.
2016-07-10 19:43:52,055 INFO process_csv 63: Adding charge to: %s %s
2016-07-10 19:44:02,588 INFO <module> 156: ***** Starting New Upload ***** test.csv
2016-07-10 19:44:02,588 INFO authenticate 24: Attempting to Authenticate
2016-07-10 19:44:02,588 INFO process_csv 36: Beginning to Process CSV: test.csv
2016-07-10 19:44:02,588 INFO process_csv 42: CSV file opened has 7 rows to process.
2016-07-10 19:44:02,588 INFO process_csv 63: Adding charge to: %s
2016-07-10 19:45:24,169 INFO <module> 156: ***** Starting New Upload ***** test.csv
2016-07-10 19:45:24,169 INFO authenticate 24: Attempting to Authenticate
2016-07-10 19:45:24,170 INFO process_csv 36: Beginning to Process CSV: test.csv
2016-07-10 19:45:24,170 INFO process_csv 42: CSV file opened has 7 rows to process.
2016-07-10 19:45:24,170 INFO process_csv 63: Adding charge to: %r
2016-07-10 19:45:29,630 INFO <module> 156: ***** Starting New Upload ***** test.csv
2016-07-10 19:45:29,631 INFO authenticate 24: Attempting to Authenticate
2016-07-10 19:45:29,631 INFO process_csv 36: Beginning to Process CSV: test.csv
2016-07-10 19:45:29,631 INFO process_csv 42: CSV file opened has 7 rows to process.
2016-07-10 19:45:29,631 INFO process_csv 63: Adding charge to: %r
2016-07-10 19:52:29,585 INFO <module> 156: ***** Starting New Upload ***** test.csv
2016-07-10 19:52:29,585 INFO authenticate 24: Attempting to Authenticate
2016-07-10 19:52:29,585 INFO process_csv 36: Beginning to Process CSV: test.csv
2016-07-10 19:52:29,586 INFO process_csv 42: CSV file opened has 7 rows to process.
2016-07-10 19:52:29,586 INFO process_csv 63: Adding charge to: {}
2016-07-10 19:54:27,306 INFO <module> 156: ***** Starting New Upload ***** test.csv
2016-07-10 19:54:27,306 INFO authenticate 24: Attempting to Authenticate
2016-07-10 19:54:27,306 INFO process_csv 36: Beginning to Process CSV: test.csv
2016-07-10 19:54:27,306 INFO process_csv 42: CSV file opened has 7 rows to process.
2016-07-10 19:54:27,307 INFO process_csv 63: Adding charge to: Rion
2016-07-10 19:56:42,874 INFO <module> 155: ***** Starting New Upload ***** test.csv
2016-07-10 19:56:42,874 INFO authenticate 24: Attempting to Authenticate
2016-07-10 19:56:42,874 INFO process_csv 36: Beginning to Process CSV: test.csv
2016-07-10 19:56:42,875 INFO process_csv 42: CSV file opened has 7 rows to process.
2016-07-10 19:56:42,875 INFO process_csv 63: Adding charge to: Rion
2016-07-10 19:57:06,635 INFO <module> 155: ***** Starting New Upload ***** test.csv
2016-07-10 19:57:06,635 INFO authenticate 24: Attempting to Authenticate
2016-07-10 19:57:06,635 INFO process_csv 36: Beginning to Process CSV: test.csv
2016-07-10 19:57:06,635 INFO process_csv 42: CSV file opened has 7 rows to process.
2016-07-10 19:57:06,635 INFO process_csv 63: Adding charge to: Rion Angeles
2016-07-10 19:57:09,924 INFO <module> 155: ***** Starting New Upload ***** test.csv
2016-07-10 19:57:09,925 INFO authenticate 24: Attempting to Authenticate
2016-07-10 19:57:09,925 INFO process_csv 36: Beginning to Process CSV: test.csv
2016-07-10 19:57:09,925 INFO process_csv 42: CSV file opened has 7 rows to process.
2016-07-10 19:57:09,925 INFO process_csv 63: Adding charge to: Rion Angeles
2016-07-10 19:57:24,765 INFO <module> 156: ***** Starting New Upload ***** test.csv
2016-07-10 19:57:24,765 INFO authenticate 24: Attempting to Authenticate
2016-07-10 19:57:24,765 INFO process_csv 36: Beginning to Process CSV: test.csv
2016-07-10 19:57:24,766 INFO process_csv 42: CSV file opened has 7 rows to process.
2016-07-10 19:57:24,766 INFO process_csv 64: Adding charge to: Rion Angeles
2016-07-10 19:58:00,706 INFO <module> 157: ***** Starting New Upload ***** test.csv
2016-07-10 19:58:00,706 INFO authenticate 24: Attempting to Authenticate
2016-07-10 19:58:00,706 INFO process_csv 36: Beginning to Process CSV: test.csv
2016-07-10 19:58:00,706 INFO process_csv 42: CSV file opened has 7 rows to process.
2016-07-10 19:58:20,032 INFO <module> 157: ***** Starting New Upload ***** test.csv
2016-07-10 19:58:20,032 INFO authenticate 24: Attempting to Authenticate
2016-07-10 19:58:20,032 INFO process_csv 36: Beginning to Process CSV: test.csv
2016-07-10 19:58:20,032 INFO process_csv 42: CSV file opened has 7 rows to process.
2016-07-10 19:58:20,033 INFO process_csv 65: Adding charge to: Rion Angeles tpn
2016-07-10 19:58:57,069 INFO <module> 158: ***** Starting New Upload ***** test.csv
2016-07-10 19:58:57,070 INFO authenticate 24: Attempting to Authenticate
2016-07-10 19:58:57,070 INFO process_csv 36: Beginning to Process CSV: test.csv
2016-07-10 19:58:57,070 INFO process_csv 42: CSV file opened has 7 rows to process.
2016-07-10 20:00:19,922 INFO <module> 158: ***** Starting New Upload ***** test.csv
2016-07-10 20:00:19,923 INFO authenticate 24: Attempting to Authenticate
2016-07-10 20:00:19,923 INFO process_csv 36: Beginning to Process CSV: test.csv
2016-07-10 20:00:19,923 INFO process_csv 42: CSV file opened has 7 rows to process.
2016-07-10 20:00:19,923 INFO process_csv 66: Adding charge to: Rion Angeles tpn
2016-07-10 20:00:40,471 INFO <module> 158: ***** Starting New Upload ***** test.csv
2016-07-10 20:00:40,471 INFO authenticate 24: Attempting to Authenticate
2016-07-10 20:00:40,471 INFO process_csv 36: Beginning to Process CSV: test.csv
2016-07-10 20:00:40,472 INFO process_csv 42: CSV file opened has 7 rows to process.
2016-07-10 20:00:40,472 INFO process_csv 66: Adding charge to: Rion Angeles tpn 2016-05-03 20:00:03 UTC 101 1
2016-07-10 20:04:23,765 INFO <module> 159: ***** Starting New Upload ***** test.csv
2016-07-10 20:04:23,765 INFO authenticate 24: Attempting to Authenticate
2016-07-10 20:04:23,766 INFO process_csv 36: Beginning to Process CSV: test.csv
2016-07-10 20:04:23,766 INFO process_csv 42: CSV file opened has 7 rows to process.
2016-07-10 20:04:23,766 INFO process_csv 67: Adding charge to: Rion Angeles tpn 2016-05-03 20:00:03 UTC 101 Invoice Group: 1
2016-07-10 20:04:48,967 INFO <module> 158: ***** Starting New Upload ***** test.csv
2016-07-10 20:04:48,967 INFO authenticate 24: Attempting to Authenticate
2016-07-10 20:04:48,968 INFO process_csv 36: Beginning to Process CSV: test.csv
2016-07-10 20:04:48,968 INFO process_csv 42: CSV file opened has 7 rows to process.
2016-07-10 20:04:48,968 INFO process_csv 66: Adding charge to: Rion Angeles tpn 2016-05-03 20:00:03 UTC 101 Invoice Group: 1
2016-07-10 20:17:48,514 INFO <module> 158: ***** Starting New Upload ***** test.csv
2016-07-10 20:17:48,514 INFO authenticate 24: Attempting to Authenticate
2016-07-10 20:17:48,515 INFO process_csv 36: Beginning to Process CSV: test.csv
2016-07-10 20:17:48,515 INFO process_csv 42: CSV file opened has 7 rows to process.
2016-07-10 20:17:48,515 INFO process_csv 66: Adding charge to: Rion Angeles tpn program 2016-05-03 20:00:03 UTC Invoice Group: 101
2016-07-10 20:18:48,441 INFO <module> 159: ***** Starting New Upload ***** test.csv
2016-07-10 20:18:48,441 INFO authenticate 24: Attempting to Authenticate
2016-07-10 20:18:48,441 INFO process_csv 36: Beginning to Process CSV: test.csv
2016-07-10 20:18:48,441 INFO process_csv 42: CSV file opened has 7 rows to process.
2016-07-10 20:18:48,441 INFO process_csv 67: Adding charge to: Rion Angeles tpn program 101 2016-05-03 20:00:03 UTC Invoice Group: 101
2016-07-10 20:20:06,242 INFO <module> 159: ***** Starting New Upload ***** test.csv
2016-07-10 20:20:06,242 INFO authenticate 24: Attempting to Authenticate
2016-07-10 20:20:06,242 INFO process_csv 36: Beginning to Process CSV: test.csv
2016-07-10 20:20:06,242 INFO process_csv 42: CSV file opened has 7 rows to process.
2016-07-10 20:20:06,243 INFO process_csv 67: Adding charge to: Rion Angeles tpn program 101 2016-05-03 20:00:03 UTC Invoice Group: 1
2016-07-11 10:16:33,653 INFO <module> 165: ***** Starting New Upload ***** test.csv
2016-07-11 10:16:33,654 INFO authenticate 24: Attempting to Authenticate
2016-07-11 10:16:33,654 INFO process_csv 36: Beginning to Process CSV: test.csv
2016-07-11 10:16:33,654 INFO process_csv 42: CSV file opened has 7 rows to process.
2016-07-11 10:16:33,655 INFO process_csv 67: Adding charge to: Rion Angeles tpn program 101 2016-05-03 20:00:03 UTC Invoice Group: 1
2016-07-11 10:16:33,655 INFO process_csv 86: Adding charge to: Chris Wilson tpn program 102 2016-05-03 20:00:03 UTC Invoice Group: 1
2016-07-11 10:16:33,655 INFO process_csv 86: Adding charge to: Jesse Anderson mtom program 105 2016-05-03 20:00:03 UTC Invoice Group: 3
